# ******************************************************
# PLUTO 4.2 Grid File
# Generated on  Tue Oct 15 00:26:04 2019
# 
# DIMENSIONS: 2
# GEOMETRY:   POLAR
# X1: [ 0.400000,  2.500000], 128 point(s), 3 ghosts
# X2: [ 0.000000,  6.283185], 80 point(s), 3 ghosts
# ******************************************************
128 
 1   4.000000000000e-01    4.164062500000e-01
 2   4.164062500000e-01    4.328125000000e-01
 3   4.328125000000e-01    4.492187500000e-01
 4   4.492187500000e-01    4.656250000000e-01
 5   4.656250000000e-01    4.820312500000e-01
 6   4.820312500000e-01    4.984375000000e-01
 7   4.984375000000e-01    5.148437500000e-01
 8   5.148437500000e-01    5.312500000000e-01
 9   5.312500000000e-01    5.476562500000e-01
 10   5.476562500000e-01    5.640625000000e-01
 11   5.640625000000e-01    5.804687500000e-01
 12   5.804687500000e-01    5.968750000000e-01
 13   5.968750000000e-01    6.132812500000e-01
 14   6.132812500000e-01    6.296875000000e-01
 15   6.296875000000e-01    6.460937500000e-01
 16   6.460937500000e-01    6.625000000000e-01
 17   6.625000000000e-01    6.789062500000e-01
 18   6.789062500000e-01    6.953125000000e-01
 19   6.953125000000e-01    7.117187500000e-01
 20   7.117187500000e-01    7.281250000000e-01
 21   7.281250000000e-01    7.445312500000e-01
 22   7.445312500000e-01    7.609375000000e-01
 23   7.609375000000e-01    7.773437500000e-01
 24   7.773437500000e-01    7.937500000000e-01
 25   7.937500000000e-01    8.101562500000e-01
 26   8.101562500000e-01    8.265625000000e-01
 27   8.265625000000e-01    8.429687500000e-01
 28   8.429687500000e-01    8.593750000000e-01
 29   8.593750000000e-01    8.757812500000e-01
 30   8.757812500000e-01    8.921875000000e-01
 31   8.921875000000e-01    9.085937500000e-01
 32   9.085937500000e-01    9.250000000000e-01
 33   9.250000000000e-01    9.414062500000e-01
 34   9.414062500000e-01    9.578125000000e-01
 35   9.578125000000e-01    9.742187500000e-01
 36   9.742187500000e-01    9.906250000000e-01
 37   9.906250000000e-01    1.007031250000e+00
 38   1.007031250000e+00    1.023437500000e+00
 39   1.023437500000e+00    1.039843750000e+00
 40   1.039843750000e+00    1.056250000000e+00
 41   1.056250000000e+00    1.072656250000e+00
 42   1.072656250000e+00    1.089062500000e+00
 43   1.089062500000e+00    1.105468750000e+00
 44   1.105468750000e+00    1.121875000000e+00
 45   1.121875000000e+00    1.138281250000e+00
 46   1.138281250000e+00    1.154687500000e+00
 47   1.154687500000e+00    1.171093750000e+00
 48   1.171093750000e+00    1.187500000000e+00
 49   1.187500000000e+00    1.203906250000e+00
 50   1.203906250000e+00    1.220312500000e+00
 51   1.220312500000e+00    1.236718750000e+00
 52   1.236718750000e+00    1.253125000000e+00
 53   1.253125000000e+00    1.269531250000e+00
 54   1.269531250000e+00    1.285937500000e+00
 55   1.285937500000e+00    1.302343750000e+00
 56   1.302343750000e+00    1.318750000000e+00
 57   1.318750000000e+00    1.335156250000e+00
 58   1.335156250000e+00    1.351562500000e+00
 59   1.351562500000e+00    1.367968750000e+00
 60   1.367968750000e+00    1.384375000000e+00
 61   1.384375000000e+00    1.400781250000e+00
 62   1.400781250000e+00    1.417187500000e+00
 63   1.417187500000e+00    1.433593750000e+00
 64   1.433593750000e+00    1.450000000000e+00
 65   1.450000000000e+00    1.466406250000e+00
 66   1.466406250000e+00    1.482812500000e+00
 67   1.482812500000e+00    1.499218750000e+00
 68   1.499218750000e+00    1.515625000000e+00
 69   1.515625000000e+00    1.532031250000e+00
 70   1.532031250000e+00    1.548437500000e+00
 71   1.548437500000e+00    1.564843750000e+00
 72   1.564843750000e+00    1.581250000000e+00
 73   1.581250000000e+00    1.597656250000e+00
 74   1.597656250000e+00    1.614062500000e+00
 75   1.614062500000e+00    1.630468750000e+00
 76   1.630468750000e+00    1.646875000000e+00
 77   1.646875000000e+00    1.663281250000e+00
 78   1.663281250000e+00    1.679687500000e+00
 79   1.679687500000e+00    1.696093750000e+00
 80   1.696093750000e+00    1.712500000000e+00
 81   1.712500000000e+00    1.728906250000e+00
 82   1.728906250000e+00    1.745312500000e+00
 83   1.745312500000e+00    1.761718750000e+00
 84   1.761718750000e+00    1.778125000000e+00
 85   1.778125000000e+00    1.794531250000e+00
 86   1.794531250000e+00    1.810937500000e+00
 87   1.810937500000e+00    1.827343750000e+00
 88   1.827343750000e+00    1.843750000000e+00
 89   1.843750000000e+00    1.860156250000e+00
 90   1.860156250000e+00    1.876562500000e+00
 91   1.876562500000e+00    1.892968750000e+00
 92   1.892968750000e+00    1.909375000000e+00
 93   1.909375000000e+00    1.925781250000e+00
 94   1.925781250000e+00    1.942187500000e+00
 95   1.942187500000e+00    1.958593750000e+00
 96   1.958593750000e+00    1.975000000000e+00
 97   1.975000000000e+00    1.991406250000e+00
 98   1.991406250000e+00    2.007812500000e+00
 99   2.007812500000e+00    2.024218750000e+00
 100   2.024218750000e+00    2.040625000000e+00
 101   2.040625000000e+00    2.057031250000e+00
 102   2.057031250000e+00    2.073437500000e+00
 103   2.073437500000e+00    2.089843750000e+00
 104   2.089843750000e+00    2.106250000000e+00
 105   2.106250000000e+00    2.122656250000e+00
 106   2.122656250000e+00    2.139062500000e+00
 107   2.139062500000e+00    2.155468750000e+00
 108   2.155468750000e+00    2.171875000000e+00
 109   2.171875000000e+00    2.188281250000e+00
 110   2.188281250000e+00    2.204687500000e+00
 111   2.204687500000e+00    2.221093750000e+00
 112   2.221093750000e+00    2.237500000000e+00
 113   2.237500000000e+00    2.253906250000e+00
 114   2.253906250000e+00    2.270312500000e+00
 115   2.270312500000e+00    2.286718750000e+00
 116   2.286718750000e+00    2.303125000000e+00
 117   2.303125000000e+00    2.319531250000e+00
 118   2.319531250000e+00    2.335937500000e+00
 119   2.335937500000e+00    2.352343750000e+00
 120   2.352343750000e+00    2.368750000000e+00
 121   2.368750000000e+00    2.385156250000e+00
 122   2.385156250000e+00    2.401562500000e+00
 123   2.401562500000e+00    2.417968750000e+00
 124   2.417968750000e+00    2.434375000000e+00
 125   2.434375000000e+00    2.450781250000e+00
 126   2.450781250000e+00    2.467187500000e+00
 127   2.467187500000e+00    2.483593750000e+00
 128   2.483593750000e+00    2.500000000000e+00
80 
 1   0.000000000000e+00    7.853981633750e-02
 2   7.853981633750e-02    1.570796326750e-01
 3   1.570796326750e-01    2.356194490125e-01
 4   2.356194490125e-01    3.141592653500e-01
 5   3.141592653500e-01    3.926990816875e-01
 6   3.926990816875e-01    4.712388980250e-01
 7   4.712388980250e-01    5.497787143625e-01
 8   5.497787143625e-01    6.283185307000e-01
 9   6.283185307000e-01    7.068583470375e-01
 10   7.068583470375e-01    7.853981633750e-01
 11   7.853981633750e-01    8.639379797125e-01
 12   8.639379797125e-01    9.424777960500e-01
 13   9.424777960500e-01    1.021017612387e+00
 14   1.021017612387e+00    1.099557428725e+00
 15   1.099557428725e+00    1.178097245063e+00
 16   1.178097245063e+00    1.256637061400e+00
 17   1.256637061400e+00    1.335176877737e+00
 18   1.335176877737e+00    1.413716694075e+00
 19   1.413716694075e+00    1.492256510412e+00
 20   1.492256510413e+00    1.570796326750e+00
 21   1.570796326750e+00    1.649336143087e+00
 22   1.649336143087e+00    1.727875959425e+00
 23   1.727875959425e+00    1.806415775762e+00
 24   1.806415775762e+00    1.884955592100e+00
 25   1.884955592100e+00    1.963495408437e+00
 26   1.963495408438e+00    2.042035224775e+00
 27   2.042035224775e+00    2.120575041112e+00
 28   2.120575041113e+00    2.199114857450e+00
 29   2.199114857450e+00    2.277654673788e+00
 30   2.277654673788e+00    2.356194490125e+00
 31   2.356194490125e+00    2.434734306462e+00
 32   2.434734306462e+00    2.513274122800e+00
 33   2.513274122800e+00    2.591813939137e+00
 34   2.591813939137e+00    2.670353755475e+00
 35   2.670353755475e+00    2.748893571812e+00
 36   2.748893571812e+00    2.827433388150e+00
 37   2.827433388150e+00    2.905973204487e+00
 38   2.905973204487e+00    2.984513020825e+00
 39   2.984513020825e+00    3.063052837163e+00
 40   3.063052837163e+00    3.141592653500e+00
 41   3.141592653500e+00    3.220132469838e+00
 42   3.220132469838e+00    3.298672286175e+00
 43   3.298672286175e+00    3.377212102512e+00
 44   3.377212102512e+00    3.455751918850e+00
 45   3.455751918850e+00    3.534291735187e+00
 46   3.534291735187e+00    3.612831551525e+00
 47   3.612831551525e+00    3.691371367862e+00
 48   3.691371367862e+00    3.769911184200e+00
 49   3.769911184200e+00    3.848451000537e+00
 50   3.848451000538e+00    3.926990816875e+00
 51   3.926990816875e+00    4.005530633213e+00
 52   4.005530633212e+00    4.084070449550e+00
 53   4.084070449550e+00    4.162610265887e+00
 54   4.162610265887e+00    4.241150082225e+00
 55   4.241150082225e+00    4.319689898563e+00
 56   4.319689898563e+00    4.398229714900e+00
 57   4.398229714900e+00    4.476769531238e+00
 58   4.476769531238e+00    4.555309347575e+00
 59   4.555309347575e+00    4.633849163913e+00
 60   4.633849163913e+00    4.712388980250e+00
 61   4.712388980250e+00    4.790928796588e+00
 62   4.790928796588e+00    4.869468612925e+00
 63   4.869468612925e+00    4.948008429262e+00
 64   4.948008429262e+00    5.026548245600e+00
 65   5.026548245600e+00    5.105088061937e+00
 66   5.105088061937e+00    5.183627878275e+00
 67   5.183627878275e+00    5.262167694612e+00
 68   5.262167694612e+00    5.340707510950e+00
 69   5.340707510950e+00    5.419247327287e+00
 70   5.419247327287e+00    5.497787143625e+00
 71   5.497787143625e+00    5.576326959962e+00
 72   5.576326959962e+00    5.654866776300e+00
 73   5.654866776300e+00    5.733406592637e+00
 74   5.733406592637e+00    5.811946408975e+00
 75   5.811946408975e+00    5.890486225312e+00
 76   5.890486225313e+00    5.969026041650e+00
 77   5.969026041650e+00    6.047565857988e+00
 78   6.047565857988e+00    6.126105674325e+00
 79   6.126105674325e+00    6.204645490663e+00
 80   6.204645490663e+00    6.283185307000e+00
1 
 1   -1.000000000000e+00    1.000000000000e+00
